{"C:\\Users\\Vachu\\Desktop\\React1\\02-first-steps\\src\\FirstStepsApp.tsx": {"path":"C:\\Users\\Vachu\\Desktop\\React1\\02-first-steps\\src\\FirstStepsApp.tsx","all":false,"statementMap":{"0":{"start":{"line":1,"column":0},"end":{"line":1,"column":58}},"7":{"start":{"line":8,"column":0},"end":{"line":8,"column":35}},"8":{"start":{"line":9,"column":0},"end":{"line":9,"column":52}},"9":{"start":{"line":10,"column":0},"end":{"line":10,"column":49}},"10":{"start":{"line":11,"column":0},"end":{"line":11,"column":46}},"11":{"start":{"line":12,"column":0},"end":{"line":12,"column":46}},"12":{"start":{"line":13,"column":0},"end":{"line":13,"column":2}},"14":{"start":{"line":15,"column":0},"end":{"line":15,"column":21}},"16":{"start":{"line":17,"column":0},"end":{"line":17,"column":33}},"17":{"start":{"line":18,"column":0},"end":{"line":18,"column":10}},"18":{"start":{"line":19,"column":0},"end":{"line":19,"column":6}},"19":{"start":{"line":20,"column":0},"end":{"line":20,"column":33}},"21":{"start":{"line":22,"column":0},"end":{"line":22,"column":55}},"22":{"start":{"line":23,"column":0},"end":{"line":23,"column":82}},"31":{"start":{"line":32,"column":0},"end":{"line":32,"column":2}}},"s":{"0":1,"7":1,"8":1,"9":1,"10":1,"11":1,"12":1,"14":1,"16":1,"17":3,"18":3,"19":3,"21":3,"22":3,"31":3},"branchMap":{"0":{"type":"branch","line":17,"loc":{"start":{"line":17,"column":7},"end":{"line":32,"column":2}},"locations":[{"start":{"line":17,"column":7},"end":{"line":32,"column":2}}]}},"b":{"0":[3]},"fnMap":{"0":{"name":"FirstStepsApp","decl":{"start":{"line":17,"column":7},"end":{"line":32,"column":2}},"loc":{"start":{"line":17,"column":7},"end":{"line":32,"column":2}},"line":17}},"f":{"0":3}}
,"C:\\Users\\Vachu\\Desktop\\React1\\02-first-steps\\src\\MyAwesomeApp.tsx": {"path":"C:\\Users\\Vachu\\Desktop\\React1\\02-first-steps\\src\\MyAwesomeApp.tsx","all":false,"statementMap":{"2":{"start":{"line":3,"column":0},"end":{"line":3,"column":29}},"3":{"start":{"line":4,"column":0},"end":{"line":4,"column":29}},"5":{"start":{"line":6,"column":0},"end":{"line":6,"column":62}},"6":{"start":{"line":7,"column":0},"end":{"line":7,"column":24}},"8":{"start":{"line":9,"column":0},"end":{"line":9,"column":19}},"9":{"start":{"line":10,"column":0},"end":{"line":10,"column":22}},"10":{"start":{"line":11,"column":0},"end":{"line":11,"column":22}},"11":{"start":{"line":12,"column":0},"end":{"line":12,"column":2}},"13":{"start":{"line":14,"column":0},"end":{"line":14,"column":33}},"14":{"start":{"line":15,"column":0},"end":{"line":15,"column":29}},"15":{"start":{"line":16,"column":0},"end":{"line":16,"column":19}},"16":{"start":{"line":17,"column":0},"end":{"line":17,"column":14}},"17":{"start":{"line":18,"column":0},"end":{"line":18,"column":16}},"18":{"start":{"line":19,"column":0},"end":{"line":19,"column":2}},"20":{"start":{"line":21,"column":0},"end":{"line":21,"column":32}},"22":{"start":{"line":23,"column":0},"end":{"line":23,"column":10}},"23":{"start":{"line":24,"column":0},"end":{"line":24,"column":30}},"24":{"start":{"line":25,"column":0},"end":{"line":25,"column":55}},"25":{"start":{"line":26,"column":0},"end":{"line":26,"column":25}},"27":{"start":{"line":28,"column":0},"end":{"line":28,"column":66}},"28":{"start":{"line":29,"column":0},"end":{"line":29,"column":20}},"30":{"start":{"line":31,"column":0},"end":{"line":31,"column":50}},"31":{"start":{"line":32,"column":0},"end":{"line":32,"column":8}},"32":{"start":{"line":33,"column":0},"end":{"line":33,"column":24}},"33":{"start":{"line":34,"column":0},"end":{"line":34,"column":36}},"35":{"start":{"line":36,"column":0},"end":{"line":36,"column":1}}},"s":{"2":1,"3":1,"5":1,"6":1,"8":1,"9":1,"10":1,"11":1,"13":1,"14":1,"15":1,"16":1,"17":1,"18":1,"20":1,"22":4,"23":4,"24":4,"25":4,"27":4,"28":4,"30":4,"31":4,"32":4,"33":4,"35":4},"branchMap":{"0":{"type":"branch","line":21,"loc":{"start":{"line":21,"column":7},"end":{"line":36,"column":1}},"locations":[{"start":{"line":21,"column":7},"end":{"line":36,"column":1}}]},"1":{"type":"branch","line":31,"loc":{"start":{"line":31,"column":22},"end":{"line":31,"column":50}},"locations":[{"start":{"line":31,"column":22},"end":{"line":31,"column":50}}]}},"b":{"0":[4],"1":[0]},"fnMap":{"0":{"name":"MyAwesomeApp","decl":{"start":{"line":21,"column":7},"end":{"line":36,"column":1}},"loc":{"start":{"line":21,"column":7},"end":{"line":36,"column":1}},"line":21}},"f":{"0":4}}
,"C:\\Users\\Vachu\\Desktop\\React1\\02-first-steps\\src\\main.tsx": {"path":"C:\\Users\\Vachu\\Desktop\\React1\\02-first-steps\\src\\main.tsx","all":true,"statementMap":{"0":{"start":{"line":1,"column":0},"end":{"line":1,"column":34}},"1":{"start":{"line":2,"column":0},"end":{"line":2,"column":45}},"2":{"start":{"line":3,"column":0},"end":{"line":3,"column":48}},"3":{"start":{"line":4,"column":0},"end":{"line":4,"column":50}},"5":{"start":{"line":6,"column":0},"end":{"line":6,"column":52}},"6":{"start":{"line":7,"column":0},"end":{"line":7,"column":14}},"7":{"start":{"line":8,"column":0},"end":{"line":8,"column":22}}},"s":{"0":0,"1":0,"2":0,"3":0,"5":0,"6":0,"7":0},"branchMap":{"0":{"type":"branch","line":1,"loc":{"start":{"line":1,"column":319},"end":{"line":11,"column":2}},"locations":[{"start":{"line":1,"column":319},"end":{"line":11,"column":2}}]}},"b":{"0":[0]},"fnMap":{"0":{"name":"(empty-report)","decl":{"start":{"line":1,"column":319},"end":{"line":11,"column":2}},"loc":{"start":{"line":1,"column":319},"end":{"line":11,"column":2}},"line":1}},"f":{"0":0}}
,"C:\\Users\\Vachu\\Desktop\\React1\\02-first-steps\\src\\helpers\\math.helper.ts": {"path":"C:\\Users\\Vachu\\Desktop\\React1\\02-first-steps\\src\\helpers\\math.helper.ts","all":false,"statementMap":{"0":{"start":{"line":1,"column":0},"end":{"line":1,"column":46}},"1":{"start":{"line":2,"column":0},"end":{"line":2,"column":15}},"2":{"start":{"line":3,"column":0},"end":{"line":3,"column":1}},"4":{"start":{"line":5,"column":0},"end":{"line":5,"column":52}},"5":{"start":{"line":6,"column":0},"end":{"line":6,"column":15}},"6":{"start":{"line":7,"column":0},"end":{"line":7,"column":1}},"8":{"start":{"line":9,"column":0},"end":{"line":9,"column":51}},"9":{"start":{"line":10,"column":0},"end":{"line":10,"column":15}},"10":{"start":{"line":11,"column":0},"end":{"line":11,"column":1}},"12":{"start":{"line":13,"column":0},"end":{"line":13,"column":49}},"13":{"start":{"line":14,"column":0},"end":{"line":14,"column":15}},"14":{"start":{"line":15,"column":0},"end":{"line":15,"column":1}}},"s":{"0":1,"1":1,"2":1,"4":1,"5":1,"6":1,"8":1,"9":2,"10":2,"12":1,"13":1,"14":1},"branchMap":{"0":{"type":"branch","line":1,"loc":{"start":{"line":1,"column":19},"end":{"line":3,"column":1}},"locations":[{"start":{"line":1,"column":19},"end":{"line":3,"column":1}}]},"1":{"type":"branch","line":5,"loc":{"start":{"line":5,"column":25},"end":{"line":7,"column":1}},"locations":[{"start":{"line":5,"column":25},"end":{"line":7,"column":1}}]},"2":{"type":"branch","line":9,"loc":{"start":{"line":9,"column":24},"end":{"line":11,"column":1}},"locations":[{"start":{"line":9,"column":24},"end":{"line":11,"column":1}}]},"3":{"type":"branch","line":13,"loc":{"start":{"line":13,"column":22},"end":{"line":15,"column":1}},"locations":[{"start":{"line":13,"column":22},"end":{"line":15,"column":1}}]}},"b":{"0":[1],"1":[1],"2":[2],"3":[1]},"fnMap":{"0":{"name":"add","decl":{"start":{"line":1,"column":19},"end":{"line":3,"column":1}},"loc":{"start":{"line":1,"column":19},"end":{"line":3,"column":1}},"line":1},"1":{"name":"substract","decl":{"start":{"line":5,"column":25},"end":{"line":7,"column":1}},"loc":{"start":{"line":5,"column":25},"end":{"line":7,"column":1}},"line":5},"2":{"name":"multiply","decl":{"start":{"line":9,"column":24},"end":{"line":11,"column":1}},"loc":{"start":{"line":9,"column":24},"end":{"line":11,"column":1}},"line":9},"3":{"name":"divide","decl":{"start":{"line":13,"column":22},"end":{"line":15,"column":1}},"loc":{"start":{"line":13,"column":22},"end":{"line":15,"column":1}},"line":13}},"f":{"0":1,"1":1,"2":2,"3":1}}
,"C:\\Users\\Vachu\\Desktop\\React1\\02-first-steps\\src\\shopping-cart\\ItemCounter.tsx": {"path":"C:\\Users\\Vachu\\Desktop\\React1\\02-first-steps\\src\\shopping-cart\\ItemCounter.tsx","all":false,"statementMap":{"0":{"start":{"line":1,"column":0},"end":{"line":1,"column":33}},"1":{"start":{"line":2,"column":0},"end":{"line":2,"column":30}},"2":{"start":{"line":3,"column":0},"end":{"line":3,"column":46}},"11":{"start":{"line":12,"column":0},"end":{"line":12,"column":62}},"12":{"start":{"line":13,"column":0},"end":{"line":13,"column":47}},"14":{"start":{"line":15,"column":0},"end":{"line":15,"column":64}},"15":{"start":{"line":16,"column":0},"end":{"line":16,"column":83}},"17":{"start":{"line":18,"column":0},"end":{"line":18,"column":31}},"19":{"start":{"line":20,"column":0},"end":{"line":20,"column":5}},"20":{"start":{"line":21,"column":0},"end":{"line":21,"column":10}},"21":{"start":{"line":22,"column":0},"end":{"line":22,"column":45}},"28":{"start":{"line":29,"column":0},"end":{"line":29,"column":11}},"29":{"start":{"line":30,"column":0},"end":{"line":30,"column":39}},"30":{"start":{"line":31,"column":0},"end":{"line":31,"column":16}},"31":{"start":{"line":32,"column":0},"end":{"line":32,"column":23}},"32":{"start":{"line":33,"column":0},"end":{"line":33,"column":43}},"33":{"start":{"line":34,"column":0},"end":{"line":34,"column":9}},"34":{"start":{"line":35,"column":0},"end":{"line":35,"column":14}},"36":{"start":{"line":37,"column":0},"end":{"line":37,"column":13}},"37":{"start":{"line":38,"column":0},"end":{"line":38,"column":39}},"38":{"start":{"line":39,"column":0},"end":{"line":39,"column":27}},"39":{"start":{"line":40,"column":0},"end":{"line":40,"column":13}},"40":{"start":{"line":41,"column":0},"end":{"line":41,"column":42}},"43":{"start":{"line":44,"column":0},"end":{"line":44,"column":1}}},"s":{"0":1,"1":1,"2":1,"11":1,"12":10,"14":10,"15":10,"17":10,"19":10,"20":10,"21":10,"28":10,"29":10,"30":10,"31":10,"32":10,"33":10,"34":10,"36":10,"37":10,"38":10,"39":10,"40":10,"43":10},"branchMap":{"0":{"type":"branch","line":12,"loc":{"start":{"line":12,"column":27},"end":{"line":44,"column":1}},"locations":[{"start":{"line":12,"column":27},"end":{"line":44,"column":1}}]},"1":{"type":"branch","line":33,"loc":{"start":{"line":33,"column":24},"end":{"line":33,"column":36}},"locations":[{"start":{"line":33,"column":24},"end":{"line":33,"column":36}}]},"2":{"type":"branch","line":33,"loc":{"start":{"line":33,"column":28},"end":{"line":33,"column":43}},"locations":[{"start":{"line":33,"column":28},"end":{"line":33,"column":43}}]},"3":{"type":"branch","line":15,"loc":{"start":{"line":15,"column":20},"end":{"line":15,"column":64}},"locations":[{"start":{"line":15,"column":20},"end":{"line":15,"column":64}}]},"4":{"type":"branch","line":15,"loc":{"start":{"line":15,"column":35},"end":{"line":15,"column":63}},"locations":[{"start":{"line":15,"column":35},"end":{"line":15,"column":63}}]},"5":{"type":"branch","line":16,"loc":{"start":{"line":16,"column":25},"end":{"line":16,"column":83}},"locations":[{"start":{"line":16,"column":25},"end":{"line":16,"column":83}}]},"6":{"type":"branch","line":16,"loc":{"start":{"line":16,"column":41},"end":{"line":16,"column":82}},"locations":[{"start":{"line":16,"column":41},"end":{"line":16,"column":82}}]}},"b":{"0":[10],"1":[4],"2":[6],"3":[1],"4":[1],"5":[2],"6":[2]},"fnMap":{"0":{"name":"ItemCounter","decl":{"start":{"line":12,"column":27},"end":{"line":44,"column":1}},"loc":{"start":{"line":12,"column":27},"end":{"line":44,"column":1}},"line":12},"1":{"name":"handleAdd","decl":{"start":{"line":15,"column":20},"end":{"line":15,"column":64}},"loc":{"start":{"line":15,"column":20},"end":{"line":15,"column":64}},"line":15},"2":{"name":"handleSubtract","decl":{"start":{"line":16,"column":25},"end":{"line":16,"column":83}},"loc":{"start":{"line":16,"column":25},"end":{"line":16,"column":83}},"line":16}},"f":{"0":10,"1":1,"2":2}}
}
